1694321035892	geckodriver	INFO	Listening on 127.0.0.1:55294
1694321038978	mozrunner::runner	INFO	Running command: "C:\\Program Files\\Mozilla Firefox\\firefox.exe" "--marionette" "--remote-debugging-port" "55295" "--remote-allow-hosts" "localhost" "-no-remote" "-profile" "C:\\Users\\crist\\AppData\\Local\\Temp\\rust_mozprofileCLQWcp"
console.warn: services.settings: Ignoring preference override of remote settings server
console.warn: services.settings: Allow by setting MOZ_REMOTE_SETTINGS_DEVTOOLS=1 in the environment
1694321040232	Marionette	INFO	Marionette enabled
Dynamically enable window occlusion 0
1694321040245	Marionette	INFO	Listening on port 55310
Read port: 55310
WebDriver BiDi listening on ws://127.0.0.1:55295
1694321040617	RemoteAgent	WARN	TLS certificate errors will be ignored for this session
DevTools listening on ws://127.0.0.1:55295/devtools/browser/a18d1095-7aeb-4d04-9ddc-56d8766598da
1694321244011	Marionette	INFO	Stopped listening on port 55310
Dynamically enable window occlusion 1
ng command: "C:\\Program Files\\Mozilla Firefox\\firefox.exe" "--marionette" "--remote-debugging-port" "55381" "--remote-allow-hosts" "localhost" "-no-remote" "-profile" "C:\\Users\\crist\\AppData\\Local\\Temp\\rust_mozprofileMSEu6M"
console.warn: services.settings: Ignoring preference override of remote settings server
console.warn: services.settings: Allow by setting MOZ_REMOTE_SETTINGS_DEVTOOLS=1 in the environment
1694321093794	Marionette	INFO	Marionette enabled
Dynamically enable window occlusion 0
1694321093809	Marionette	INFO	Listening on port 55389
Read port: 55389
WebDriver BiDi listening on ws://127.0.0.1:55381
1694321094091	RemoteAgent	WARN	TLS certificate errors will be ignored for this session
DevTools listening on ws://127.0.0.1:55381/devtools/browser/852695c3-61e9-4787-bf68-93da368f8f8c
JavaScript warning: https://costarica.roadtoultra.com/wp-content/themes/ultra-2015/assets/js/app.js?ver=3.7.83, line 1866: unreachable code after return statement
JavaScript warning: https://costarica.roadtoultra.com/wp-content/themes/ultra-2015/assets/js/upp.js?ver=3.7.83, line 5179: unreachable code after return statement
1694321247389	Marionette	INFO	Stopped listening on port 55389
Dynamically enable window occlusion 1
ng command: "C:\\Program Files\\Mozilla Firefox\\firefox.exe" "--marionette" "--remote-debugging-port" "55493" "--remote-allow-hosts" "localhost" "-no-remote" "-profile" "C:\\Users\\crist\\AppData\\Local\\Temp\\rust_mozprofilec4OiRq"
console.warn: services.settings: Ignoring preference override of remote settings server
console.warn: services.settings: Allow by setting MOZ_REMOTE_SETTINGS_DEVTOOLS=1 in the environment
1694321143322	Marionette	INFO	Marionette enabled
Dynamically enable window occlusion 0
1694321143333	Marionette	INFO	Listening on port 55502
Read port: 55502
WebDriver BiDi listening on ws://127.0.0.1:55493
1694321143675	RemoteAgent	WARN	TLS certificate errors will be ignored for this session
DevTools listening on ws://127.0.0.1:55493/devtools/browser/4a716203-d434-4754-9b75-cb2542f7af86
JavaScript warning: https://costarica.roadtoultra.com/wp-content/themes/ultra-2015/assets/js/app.js?ver=3.7.83, line 1866: unreachable code after return statement
JavaScript warning: https://costarica.roadtoultra.com/wp-content/themes/ultra-2015/assets/js/upp.js?ver=3.7.83, line 5179: unreachable code after return statement
1694321158842	Marionette	INFO	Stopped listening on port 55502
Dynamically enable window occlusion 1
1694321171019	geckodriver	INFO	Listening on 127.0.0.1:55603
1694321174072	mozrunner::runner	INFO	Running command: "C:\\Program Files\\Mozilla Firefox\\firefox.exe" "--marionette" "--remote-debugging-port" "55604" "--remote-allow-hosts" "localhost" "-no-remote" "-profile" "C:\\Users\\crist\\AppData\\Local\\Temp\\rust_mozprofilebjEBga"
console.warn: services.settings: Ignoring preference override of remote settings server
console.warn: services.settings: Allow by setting MOZ_REMOTE_SETTINGS_DEVTOOLS=1 in the environment
1694321175094	Marionette	INFO	Marionette enabled
Dynamically enable window occlusion 0
1694321175110	Marionette	INFO	Listening on port 55613
Read port: 55613
WebDriver BiDi listening on ws://127.0.0.1:55604
1694321175425	RemoteAgent	WARN	TLS certificate errors will be ignored for this session
DevTools listening on ws://127.0.0.1:55604/devtools/browser/86492051-884e-4990-97d6-6e85bff58028
JavaScript warning: https://costarica.roadtoultra.com/wp-content/themes/ultra-2015/assets/js/app.js?ver=3.7.83, line 1866: unreachable code after return statement
JavaScript warning: https://costarica.roadtoultra.com/wp-content/themes/ultra-2015/assets/js/upp.js?ver=3.7.83, line 5179: unreachable code after return statement
1694321190989	Marionette	INFO	Stopped listening on port 55613
Dynamically enable window occlusion 1
1694321207827	geckodriver	INFO	Listening on 127.0.0.1:55693
1694321210900	mozrunner::runner	INFO	Running command: "C:\\Program Files\\Mozilla Firefox\\firefox.exe" "--marionette" "--remote-debugging-port" "55694" "--remote-allow-hosts" "localhost" "-no-remote" "-profile" "C:\\Users\\crist\\AppData\\Local\\Temp\\rust_mozprofile8iz3pA"
console.warn: services.settings: Ignoring preference override of remote settings server
console.warn: services.settings: Allow by setting MOZ_REMOTE_SETTINGS_DEVTOOLS=1 in the environment
1694321211768	Marionette	INFO	Marionette enabled
Dynamically enable window occlusion 0
1694321211780	Marionette	INFO	Listening on port 55703
Read port: 55703
WebDriver BiDi listening on ws://127.0.0.1:55694
1694321212102	RemoteAgent	WARN	TLS certificate errors will be ignored for this session
DevTools listening on ws://127.0.0.1:55694/devtools/browser/46e777ef-8a46-4837-9dd0-6273fce7da7e
JavaScript warning: https://costarica.roadtoultra.com/wp-content/themes/ultra-2015/assets/js/app.js?ver=3.7.83, line 1866: unreachable code after return statement
JavaScript warning: https://costarica.roadtoultra.com/wp-content/themes/ultra-2015/assets/js/upp.js?ver=3.7.83, line 5179: unreachable code after return statement
1694321223042	Marionette	INFO	Stopped listening on port 55703
Dynamically enable window occlusion 1
1694321322616	geckodriver	INFO	Listening on 127.0.0.1:55824
1694321325667	mozrunner::runner	INFO	Running command: "C:\\Program Files\\Mozilla Firefox\\firefox.exe" "--marionette" "--remote-debugging-port" "55825" "--remote-allow-hosts" "localhost" "-no-remote" "-profile" "C:\\Users\\crist\\AppData\\Local\\Temp\\rust_mozprofilepApdk9"
console.warn: services.settings: Ignoring preference override of remote settings server
console.warn: services.settings: Allow by setting MOZ_REMOTE_SETTINGS_DEVTOOLS=1 in the environment
1694321326563	Marionette	INFO	Marionette enabled
Dynamically enable window occlusion 0
1694321326574	Marionette	INFO	Listening on port 55835
Read port: 55835
WebDriver BiDi listening on ws://127.0.0.1:55825
1694321326883	RemoteAgent	WARN	TLS certificate errors will be ignored for this session
DevTools listening on ws://127.0.0.1:55825/devtools/browser/67d4873a-a50e-409a-b870-dc4e5d04a176
JavaScript warning: https://costarica.roadtoultra.com/wp-content/themes/ultra-2015/assets/js/app.js?ver=3.7.83, line 1866: unreachable code after return statement
JavaScript warning: https://costarica.roadtoultra.com/wp-content/themes/ultra-2015/assets/js/upp.js?ver=3.7.83, line 5179: unreachable code after return statement
1694321590552	Marionette	INFO	Stopped listening on port 55835
Dynamically enable window occlusion 1
[Parent 15724, IPC I/O Parent] WARNING: DuplicateHandle failed for handle 0 in TransferHandles: file /builds/worker/checkouts/gecko/ipc/chromium/src/chrome/common/ipc_channel_win.cc:787
1694321618601	geckodriver	INFO	Listening on 127.0.0.1:56069
1694321621653	mozrunner::runner	INFO	Running command: "C:\\Program Files\\Mozilla Firefox\\firefox.exe" "--marionette" "--remote-debugging-port" "56070" "--remote-allow-hosts" "localhost" "-no-remote" "-profile" "C:\\Users\\crist\\AppData\\Local\\Temp\\rust_mozprofilekqD6pO"
console.warn: services.settings: Ignoring preference override of remote settings server
console.warn: services.settings: Allow by setting MOZ_REMOTE_SETTINGS_DEVTOOLS=1 in the environment
1694321622729	Marionette	INFO	Marionette enabled
Dynamically enable window occlusion 0
1694321622741	Marionette	INFO	Listening on port 56079
Read port: 56079
WebDriver BiDi listening on ws://127.0.0.1:56070
1694321623195	RemoteAgent	WARN	TLS certificate errors will be ignored for this session
console.error: Region.sys.mjs: "Error fetching region" (new TypeError("NetworkError when attempting to fetch resource.", ""))
console.error: Region.sys.mjs: "Failed to fetch region" (new Error("NO_RESULT", "resource://gre/modules/Region.sys.mjs", 414))
DevTools listening on ws://127.0.0.1:56070/devtools/browser/98145eab-6bfd-4d53-bf9a-3cee0f30a3f9
1694321628126	Marionette	WARN	Ignoring event 'pageshow' because document has an invalid readyState of 'uninitialized'.
1694321652815	addons.xpi	ERROR	System addon update list error Error: Failed downloading XML, status: 0, channelStatus: 2152398878, errorCode: 2, reason: error
console.error: Region.sys.mjs: "Error fetching region" (new TypeError("NetworkError when attempting to fetch resource.", ""))
console.error: Region.sys.mjs: "Failed to fetch region" (new Error("NO_RESULT", "resource://gre/modules/Region.sys.mjs", 414))
JavaScript warning: https://costarica.roadtoultra.com/wp-content/themes/ultra-2015/assets/js/app.js?ver=3.7.83, line 1866: unreachable code after return statement
JavaScript warning: https://costarica.roadtoultra.com/wp-content/themes/ultra-2015/assets/js/upp.js?ver=3.7.83, line 5179: unreachable code after return statement
JavaScript error: , line 0: NotFoundError: Could not move source file(C:\Users\crist\AppData\Local\Temp\rust_mozprofilekqD6pO\bookmarkbackups\bookmarks-2023-09-10.jsonlz4) because it does not exist
console.error: Region.sys.mjs: "Error fetching region" (new TypeError("NetworkError when attempting to fetch resource.", ""))
console.error: Region.sys.mjs: "Failed to fetch region" (new Error("NO_RESULT", "resource://gre/modules/Region.sys.mjs", 414))
console.error: Region.sys.mjs: "Error fetching region" (new TypeError("NetworkError when attempting to fetch resource.", ""))
console.error: Region.sys.mjs: "Failed to fetch region" (new Error("NO_RESULT", "resource://gre/modules/Region.sys.mjs", 414))
JavaScript error: , line 0: NS_ERROR_NOT_AVAILABLE
1694446216833	addons.xpi	ERROR	System addon update list error Error: Failed downloading XML, status: 0, channelStatus: 2152398878, errorCode: 2, reason: error
JavaScript error: , line 0: NS_ERROR_NOT_AVAILABLE
1694532955103	addons.xpi	ERROR	System addon update list error Error: Failed downloading XML, status: 0, channelStatus: 2152398878, errorCode: 2, reason: error
JavaScript error: , line 0: NS_ERROR_NOT_AVAILABLE
1694572670604	Marionette	INFO	Stopped listening on port 56079
Dynamically enable window occlusion 1
